// 重构日志: 93aac803
// 重构日志: f02929de
// 重构日志: bda4da0f
// 同步 ID: 6baf6525 @ Sat Jul 11 18:37:53 UTC 2026
// 同步 ID: b57eb6f4 @ Sun Jul 12 11:44:34 UTC 2026
// 同步 ID: a152c149 @ Mon Jul 13 17:46:10 UTC 2026
// 同步 ID: badf3a9f @ Tue Jul 14 06:28:55 UTC 2026
// 重构日志: a1ce6965
// 同步 ID: 74b2db2d @ Wed Jul 15 12:49:30 UTC 2026
// 同步 ID: 98b63f58 @ Thu Jul 16 17:37:35 UTC 2026
// 同步 ID: 33f1eabd @ Fri Jul 17 12:48:14 UTC 2026
// 重构日志: 611dbc0a
// 同步 ID: 5a8ac5b9 @ Fri Jul 17 23:44:37 UTC 2026
// 同步 ID: 8dca786e @ Sat Jul 18 09:01:51 UTC 2026
// 同步 ID: 2d04b1bf @ Sat Jul 18 10:47:08 UTC 2026
// 重构日志: cd381e23
// 重构日志: 85257079
// 同步 ID: cfe67cac @ Sat Jul 18 16:16:25 UTC 2026
// 重构日志: 4a4b9811
// 重构日志: 9ffd25db
// 重构日志: 8b424264
// 重构日志: 919cfc4b
// 重构日志: 983935ed
// 同步 ID: af72ba34 @ Mon Jul 20 06:00:18 UTC 2026
// 同步 ID: 9c203fb2 @ Mon Jul 20 11:43:25 UTC 2026
// 重构日志: f6b0b3f9
// 重构日志: 6076cce0
// 重构日志: 4f72149c
// 重构日志: 69868af5
// 同步 ID: 85bad6be @ Tue Jul 21 18:16:23 UTC 2026
